[2025-12-03 08:37:51] [INFO] Squiggy extension activated
[2025-12-03 08:37:51] [INFO] Positron/VSCode version: 1.106.0
[2025-12-03 08:37:51] [INFO] Squiggy extension version: 0.1.19-alpha
[2025-12-03 08:37:51] [INFO] Creating venv at /Users/jayhesselberth/.venvs/squiggy
[2025-12-03 08:37:51] [INFO] Installing squiggy package from /Users/jayhesselberth/.positron/extensions/rnabioco.squiggy-positron-0.1.19-alpha/squiggy
[2025-12-03 08:37:52] [INFO] Squiggy venv ready at /Users/jayhesselberth/.venvs/squiggy/bin/python
[2025-12-03 08:37:52] [INFO] Squiggy venv ready at /Users/jayhesselberth/.venvs/squiggy/bin/python
[2025-12-03 08:37:52] [INFO] Background kernel manager initialized (will start on demand)
[2025-12-03 08:37:52] [INFO] Updating kernel status bar: uninitialized
[2025-12-03 08:37:52] [INFO] Kernel status bar initialized
[2025-12-03 08:37:52] [INFO] Registering UI panels and commands...
[2025-12-03 08:37:52] [INFO] All panels and commands registered
[2025-12-03 08:37:52] [DEBUG] [KernelListeners] Setting up session listeners, session:
  ["python-748ae900"]
[2025-12-03 08:37:52] [DEBUG] [KernelListeners] Successfully attached runtime state listener
[2025-12-03 08:37:58] [DEBUG] [Samples] resolveWebviewView called
[2025-12-03 08:37:58] [DEBUG] [Samples] Setting HTML with title: "Samples"
[2025-12-03 08:37:58] [DEBUG] [Squiggy Session Manager] resolveWebviewView called
[2025-12-03 08:37:58] [DEBUG] [Squiggy Session Manager] Setting HTML with title: "Squiggy Session Manager"
[2025-12-03 08:37:58] [DEBUG] [Plotting] resolveWebviewView called
[2025-12-03 08:37:58] [DEBUG] [Plotting] Setting HTML with title: "Plotting"
[2025-12-03 08:37:58] [DEBUG] [Squiggy Modifications] resolveWebviewView called
[2025-12-03 08:37:58] [DEBUG] [Squiggy Modifications] Setting HTML with title: "Squiggy Modifications"
[2025-12-03 08:37:58] [DEBUG] [ModificationsPanel] Received message:
  [{"type":"ready"}]
[2025-12-03 08:37:58] [DEBUG] [ModificationsPanel] Webview ready, hasModifications:
  [false]
[2025-12-03 08:37:58] [DEBUG] [ModificationsPanel] Sending clearMods message
[2025-12-03 08:37:58] [DEBUG] [SamplesPanelProvider] updateView called
[2025-12-03 08:37:58] [DEBUG] [SamplesPanelProvider] _view exists:
  [true]
[2025-12-03 08:37:58] [DEBUG] [SamplesPanelProvider] Sample names from state:
  [[]]
[2025-12-03 08:37:58] [DEBUG] [SamplesPanelProvider] Built samples array:
  [[]]
[2025-12-03 08:37:58] [DEBUG] [SamplesPanelProvider] Sending clearSamples message
[2025-12-03 08:37:58] [DEBUG] [PlotOptions] Sending BAM status on init:
  [false]
[2025-12-03 08:38:02] [INFO] Loading demo session (yeast tRNA dataset)
[2025-12-03 08:38:02] [DEBUG] [ReadsViewPane] updateView called but _view is null, skipping
[2025-12-03 08:38:02] [DEBUG] [PlotOptions] updatePod5Status called with:
  [false]
[2025-12-03 08:38:02] [DEBUG] [PlotOptions] Sending POD5 status:
  [false]
[2025-12-03 08:38:02] [DEBUG] [PlotOptions] updateBamStatus called with:
  [false]
[2025-12-03 08:38:02] [DEBUG] [PlotOptions] Sending BAM status:
  [false]
[2025-12-03 08:38:02] [INFO] Starting dedicated kernel (first use)...
[2025-12-03 08:38:02] [INFO] Updating kernel status bar: starting
[2025-12-03 08:38:02] [INFO] Starting Squiggy dedicated kernel...
[2025-12-03 08:38:02] [INFO] Available Python runtimes: Python 3.14.0 (System) @ /opt/homebrew/bin/python3, Python 3.9.6 (System) @ /usr/bin/python3, Python 3.12.11 (Conda: base) @ ~/miniforge3/bin/python, Python 3.12.9 (Conda: aatrnaseqpipe) @ ~/miniforge3/envs/aatrnaseqpipe/bin/python, Python 3.12.11 (Conda: nmdexons) @ ~/miniforge3/envs/nmdexons/bin/python, Python 3.12.9 (Conda: aa-tRNA-seq-notebook) @ ~/.local/share/mamba/envs/aa-tRNA-seq-notebook/bin/python
[2025-12-03 08:38:02] [DEBUG] Squiggy venv not found, polling... (attempt 1/10)
[2025-12-03 08:38:02] [DEBUG] Squiggy venv not found, polling... (attempt 2/10)
[2025-12-03 08:38:03] [DEBUG] Squiggy venv not found, polling... (attempt 3/10)
[2025-12-03 08:38:03] [DEBUG] Squiggy venv not found, polling... (attempt 4/10)
[2025-12-03 08:38:04] [DEBUG] Squiggy venv not found, polling... (attempt 5/10)
[2025-12-03 08:38:04] [DEBUG] Squiggy venv not found, polling... (attempt 6/10)
[2025-12-03 08:38:05] [DEBUG] Squiggy venv not found, polling... (attempt 7/10)
[2025-12-03 08:38:05] [DEBUG] Squiggy venv not found, polling... (attempt 8/10)
[2025-12-03 08:38:06] [DEBUG] Squiggy venv not found, polling... (attempt 9/10)
[2025-12-03 08:38:06] [WARNING] Squiggy venv not found after polling, using preferred runtime
[2025-12-03 08:38:06] [INFO] Using Python runtime: Python 3.14.0 (System) (2025.99.0-dev) @ /opt/homebrew/bin/python3
[2025-12-03 08:38:08] [INFO] Dedicated session created: python-da3778af
[2025-12-03 08:38:08] [INFO] Waiting for dedicated kernel to be ready...
[2025-12-03 08:38:08] [DEBUG] Dedicated kernel state changed: idle
[2025-12-03 08:38:08] [INFO] Updating kernel status bar: ready
[2025-12-03 08:38:08] [DEBUG] Waiting for ready: current state = idle
[2025-12-03 08:38:08] [DEBUG] Kernel ready after 4ms
[2025-12-03 08:38:08] [INFO] Dedicated kernel is ready, setting up environment...
[2025-12-03 08:38:08] [DEBUG] Dedicated kernel state changed: busy
[2025-12-03 08:38:08] [DEBUG] Dedicated kernel state changed: idle
[2025-12-03 08:38:08] [DEBUG] Dedicated kernel state changed: busy
[2025-12-03 08:38:08] [DEBUG] Dedicated kernel state changed: idle
[2025-12-03 08:38:08] [DEBUG] Dedicated kernel state changed: busy
[2025-12-03 08:38:08] [DEBUG] Dedicated kernel state changed: idle
[2025-12-03 08:38:08] [DEBUG] Dedicated kernel state changed: busy
[2025-12-03 08:38:08] [DEBUG] Dedicated kernel state changed: idle
[2025-12-03 08:38:08] [DEBUG] Dedicated kernel state changed: busy
[2025-12-03 08:38:08] [DEBUG] Dedicated kernel state changed: idle
[2025-12-03 08:38:08] [DEBUG] Dedicated kernel state changed: busy
[2025-12-03 08:38:08] [DEBUG] Dedicated kernel state changed: idle
[2025-12-03 08:38:08] [INFO] Added /Users/jayhesselberth/.positron/extensions/rnabioco.squiggy-positron-0.1.19-alpha to PYTHONPATH in dedicated kernel
[2025-12-03 08:38:08] [DEBUG] Dedicated kernel state changed: busy
[2025-12-03 08:38:08] [DEBUG] Dedicated kernel state changed: idle
[2025-12-03 08:38:08] [DEBUG] Dedicated kernel state changed: busy
[2025-12-03 08:38:08] [ERROR] Dedicated kernel execution failed: [object Object]
[2025-12-03 08:38:08] [INFO] Updating kernel status bar: error
[2025-12-03 08:38:08] [ERROR] Failed to start dedicated kernel: Error: Squiggy package not available in dedicated kernel: [object Object]
[2025-12-03 08:38:08] [ERROR] Failed to start dedicated kernel: Error: Squiggy package not available in dedicated kernel: [object Object]
[2025-12-03 08:38:08] [WARNING] Falling back to foreground kernel API
[2025-12-03 08:38:08] [DEBUG] Dedicated kernel state changed: idle
[2025-12-03 08:38:08] [INFO] Updating kernel status bar: ready
[2025-12-03 08:38:08] [DEBUG] Dedicated kernel state changed: busy
[2025-12-03 08:38:08] [DEBUG] [PositronRuntimeClient] Kernel state is busy
[2025-12-03 08:38:08] [DEBUG] Dedicated kernel state changed: idle
[2025-12-03 08:38:08] [DEBUG] Dedicated kernel state changed: busy
[2025-12-03 08:38:08] [DEBUG] Dedicated kernel state changed: idle
[2025-12-03 08:38:08] [DEBUG] Dedicated kernel state changed: busy
[2025-12-03 08:38:08] [DEBUG] [executeCode] Error type:
  ["object"]
[2025-12-03 08:38:08] [DEBUG] [executeCode] Error instanceof Error:
  [false]
[2025-12-03 08:38:08] [DEBUG] [executeCode] Error keys:
  [["message","name","stack"]]
[2025-12-03 08:38:08] [DEBUG] [executeCode] Error object:
  [{"message":"No module named 'pysam'\nCell \u001b[0;32mIn[1], line 1\u001b[0m\n\u001b[0;32m----> 1\u001b[0m \u001b[38;5;28;01mimport\u001b[39;00m\u001b[38;5;250m \u001b[39m\u001b[38;5;21;01msquiggy\u001b[39;00m\n\u001b[1;32m      2\u001b[0m \u001b[38;5;28;01mfrom\u001b[39;00m\u001b[38;5;250m \u001b[39m\u001b[38;5;21;01msquiggy\u001b[39;00m\u001b[38;5;21;01m.\u001b[39;00m\u001b[38;5;21;01mio\u001b[39;00m\u001b[38;5;250m \u001b[39m\u001b[38;5;28;01mimport\u001b[39;00m squiggy_kernel\n\u001b[1;32m      3\u001b[0m \u001b[38;5;66;03m# Close all resources via session\u001b[39;00m\n","name":"ModuleNotFoundError","stack":"File \u001b[0;32m\u001b]8;line=30;file:///Users/jayhesselberth/.positron/extensions/rnabioco.squiggy-positron-0.1.19-alpha/squiggy/__init__.py\u001b\\~/.positron/extensions/rnabioco.squiggy-positron-0.1.19-alpha/squiggy/__init__.py:30\u001b]8;;\u001b\\\u001b[0m\n\u001b[1;32m     26\u001b[0m __version__ \u001b[38;5;241m=\u001b[39m \u001b[38;5;124m\"\u001b[39m\u001b[38;5;124m0.1.19\u001b[39m\u001b[38;5;124m\"\u001b[39m\n\u001b[1;32m     28\u001b[0m \u001b[38;5;66;03m# Object-oriented API (NEW - notebook-friendly)\u001b[39;00m\n\u001b[1;32m     29\u001b[0m \u001b[38;5;66;03m# Core data structures and constants\u001b[39;00m\n\u001b[0;32m---> 30\u001b[0m \u001b[38;5;28;01mfrom\u001b[39;00m\u001b[38;5;250m \u001b[39m\u001b[38;5;21;01m.\u001b[39;00m\u001b[38;5;21;01malignment\u001b[39;00m\u001b[38;5;250m \u001b[39m\u001b[38;5;28;01mimport\u001b[39;00m AlignedRead, BaseAnnotation, extract_alignment_from_bam\n\u001b[1;32m     31\u001b[0m \u001b[38;5;28;01mfrom\u001b[39;00m\u001b[38;5;250m \u001b[39m\u001b[38;5;21;01m.\u001b[39;00m\u001b[38;5;21;01mapi\u001b[39;00m\u001b[38;5;250m \u001b[39m\u001b[38;5;28;01mimport\u001b[39;00m BamFile, FastaFile, Pod5File, Read, figure_to_html\n\u001b[1;32m     32\u001b[0m \u001b[38;5;28;01mfrom\u001b[39;00m\u001b[38;5;250m \u001b[39m\u001b[38;5;21;01m.\u001b[39;00m\u001b[38;5;21;01mconstants\u001b[39;00m\u001b[38;5;250m \u001b[39m\u001b[38;5;28;01mimport\u001b[39;00m (\n\u001b[1;32m     33\u001b[0m     BASE_COLORS,\n\u001b[1;32m     34\u001b[0m     BASE_COLORS_DARK,\n\u001b[0;32m   (...)\u001b[0m\n\u001b[1;32m     37\u001b[0m     Theme,\n\u001b[1;32m     38\u001b[0m )\n\nFile \u001b[0;32m\u001b]8;line=7;file:///Users/jayhesselberth/.positron/extensions/rnabioco.squiggy-positron-0.1.19-alpha/squiggy/alignment.py\u001b\\~/.positron/extensions/rnabioco.squiggy-positron-0.1.19-alpha/squiggy/alignment.py:7\u001b]8;;\u001b\\\u001b[0m\n\u001b[1;32m      4\u001b[0m \u001b[38;5;28;01mfrom\u001b[39;00m\u001b[38;5;250m \u001b[39m\u001b[38;5;21;01mpathlib\u001b[39;00m\u001b[38;5;250m \u001b[39m\u001b[38;5;28;01mimport\u001b[39;00m Path\n\u001b[1;32m      6\u001b[0m \u001b[38;5;28;01mimport\u001b[39;00m\u001b[38;5;250m \u001b[39m\u001b[38;5;21;01mnumpy\u001b[39;00m\u001b[38;5;250m \u001b[39m\u001b[38;5;28;01mas\u001b[39;00m\u001b[38;5;250m \u001b[39m\u001b[38;5;21;01mnp\u001b[39;00m\n\u001b[0;32m----> 7\u001b[0m \u001b[38;5;28;01mimport\u001b[39;00m\u001b[38;5;250m \u001b[39m\u001b[38;5;21;01mpysam\u001b[39;00m\n\u001b[1;32m     10\u001b[0m \u001b[38;5;129m@dataclass\u001b[39m\n\u001b[1;32m     11\u001b[0m \u001b[38;5;28;01mclass\u001b[39;00m\u001b[38;5;250m \u001b[39m\u001b[38;5;21;01mBaseAnnotation\u001b[39;00m:\n\u001b[1;32m     12\u001b[0m \u001b[38;5;250m    \u001b[39m\u001b[38;5;124;03m\"\"\"Single base annotation with signal alignment information\"\"\"\u001b[39;00m\n"}]
[2025-12-03 08:38:08] [INFO] Dedicated kernel Squiggy API created
[2025-12-03 08:38:08] [DEBUG] Dedicated kernel state changed: idle
[2025-12-03 08:38:08] [DEBUG] Dedicated kernel state changed: busy
[2025-12-03 08:38:08] [DEBUG] Dedicated kernel state changed: idle
[2025-12-03 08:38:08] [DEBUG] Dedicated kernel state changed: busy
[2025-12-03 08:38:08] [DEBUG] Dedicated kernel state changed: idle
[2025-12-03 08:38:08] [DEBUG] Dedicated kernel state changed: busy
[2025-12-03 08:38:08] [DEBUG] Dedicated kernel state changed: idle
[2025-12-03 08:38:08] [DEBUG] Dedicated kernel state changed: busy
[2025-12-03 08:38:08] [DEBUG] Dedicated kernel state changed: idle
[2025-12-03 08:38:08] [DEBUG] Dedicated kernel state changed: busy
[2025-12-03 08:38:08] [DEBUG] Dedicated kernel state changed: idle
[2025-12-03 08:38:08] [DEBUG] Dedicated kernel state changed: busy
[2025-12-03 08:38:08] [DEBUG] Dedicated kernel state changed: idle
[2025-12-03 08:38:08] [DEBUG] Dedicated kernel state changed: busy
[2025-12-03 08:38:08] [DEBUG] Dedicated kernel state changed: idle
[2025-12-03 08:38:08] [DEBUG] Dedicated kernel state changed: busy
[2025-12-03 08:38:08] [DEBUG] Dedicated kernel state changed: idle
[2025-12-03 08:38:08] [DEBUG] Dedicated kernel state changed: busy
[2025-12-03 08:38:08] [DEBUG] Dedicated kernel state changed: idle
[2025-12-03 08:38:08] [DEBUG] Dedicated kernel state changed: busy
[2025-12-03 08:38:08] [DEBUG] Dedicated kernel state changed: idle
[2025-12-03 08:38:08] [DEBUG] Dedicated kernel state changed: busy
[2025-12-03 08:38:08] [DEBUG] Dedicated kernel state changed: idle
[2025-12-03 08:38:08] [DEBUG] Dedicated kernel state changed: busy
[2025-12-03 08:38:08] [DEBUG] Dedicated kernel state changed: idle
[2025-12-03 08:38:08] [DEBUG] Dedicated kernel state changed: busy
[2025-12-03 08:38:08] [DEBUG] Dedicated kernel state changed: idle
[2025-12-03 08:38:08] [DEBUG] Dedicated kernel state changed: busy
[2025-12-03 08:38:08] [DEBUG] Dedicated kernel state changed: idle
[2025-12-03 08:38:08] [DEBUG] Dedicated kernel state changed: busy
[2025-12-03 08:38:08] [DEBUG] Dedicated kernel state changed: idle
[2025-12-03 08:38:08] [DEBUG] Dedicated kernel state changed: busy
[2025-12-03 08:38:08] [DEBUG] Dedicated kernel state changed: idle
[2025-12-03 08:38:08] [DEBUG] [restoreSample] Loading files via background API...
[2025-12-03 08:38:08] [DEBUG] Dedicated kernel state changed: busy
[2025-12-03 08:38:08] [ERROR] Dedicated kernel execution failed: [object Object]
[2025-12-03 08:38:08] [DEBUG] [PlotOptions] Sending BAM status on init:
  [false]
[2025-12-03 08:38:08] [INFO] Demo session loaded successfully
[2025-12-03 08:38:08] [DEBUG] Dedicated kernel state changed: idle
[2025-12-03 08:38:09] [DEBUG] [KernelListeners] Foreground session changed to dedicated kernel (python-da3778af), NOT clearing state
[2025-12-03 08:38:09] [DEBUG] [KernelListeners] Setting up session listeners, session:
  ["python-da3778af"]
[2025-12-03 08:38:09] [DEBUG] [KernelListeners] Successfully attached runtime state listener
[2025-12-03 08:38:09] [DEBUG] Dedicated kernel state changed: busy
[2025-12-03 08:38:09] [DEBUG] Dedicated kernel state changed: idle
[2025-12-03 08:38:10] [DEBUG] [fromSessionState] Auto-loading reads for selected sample: 'Yeast_tRNA'
[2025-12-03 08:38:10] [DEBUG] [loadReadsForSample] Starting to load reads for 'Yeast_tRNA'
[2025-12-03 08:38:10] [DEBUG] [getReadIdsAndReferencesForSample] Fetching data for sample 'Yeast_tRNA'...
[2025-12-03 08:38:10] [DEBUG] Dedicated kernel state changed: busy
[2025-12-03 08:38:10] [ERROR] Dedicated kernel execution failed: [object Object]
[2025-12-03 08:38:10] [WARNING] Failed to get read IDs and references for sample 'Yeast_tRNA'
  [{"message":"No module named 'pysam'\nCell \u001b[0;32mIn[1], line 1\u001b[0m\n\u001b[0;32m----> 1\u001b[0m \u001b[38;5;28;01mfrom\u001b[39;00m\u001b[38;5;250m \u001b[39m\u001b[38;5;21;01msquiggy\u001b[39;00m\u001b[38;5;250m \u001b[39m\u001b[38;5;28;01mimport\u001b[39;00m squiggy_kernel\n\u001b[1;32m      2\u001b[0m _sample \u001b[38;5;241m=\u001b[39m squiggy_kernel\u001b[38;5;241m.\u001b[39mget_sample(\u001b[38;5;124m'\u001b[39m\u001b[38;5;124mYeast_tRNA\u001b[39m\u001b[38;5;124m'\u001b[39m)\n\u001b[1;32m      3\u001b[0m \u001b[38;5;28;01mif\u001b[39;00m _sample:\n","name":"ModuleNotFoundError","stack":"File \u001b[0;32m\u001b]8;line=30;file:///Users/jayhesselberth/.positron/extensions/rnabioco.squiggy-positron-0.1.19-alpha/squiggy/__init__.py\u001b\\~/.positron/extensions/rnabioco.squiggy-positron-0.1.19-alpha/squiggy/__init__.py:30\u001b]8;;\u001b\\\u001b[0m\n\u001b[1;32m     26\u001b[0m __version__ \u001b[38;5;241m=\u001b[39m \u001b[38;5;124m\"\u001b[39m\u001b[38;5;124m0.1.19\u001b[39m\u001b[38;5;124m\"\u001b[39m\n\u001b[1;32m     28\u001b[0m \u001b[38;5;66;03m# Object-oriented API (NEW - notebook-friendly)\u001b[39;00m\n\u001b[1;32m     29\u001b[0m \u001b[38;5;66;03m# Core data structures and constants\u001b[39;00m\n\u001b[0;32m---> 30\u001b[0m \u001b[38;5;28;01mfrom\u001b[39;00m\u001b[38;5;250m \u001b[39m\u001b[38;5;21;01m.\u001b[39;00m\u001b[38;5;21;01malignment\u001b[39;00m\u001b[38;5;250m \u001b[39m\u001b[38;5;28;01mimport\u001b[39;00m AlignedRead, BaseAnnotation, extract_alignment_from_bam\n\u001b[1;32m     31\u001b[0m \u001b[38;5;28;01mfrom\u001b[39;00m\u001b[38;5;250m \u001b[39m\u001b[38;5;21;01m.\u001b[39;00m\u001b[38;5;21;01mapi\u001b[39;00m\u001b[38;5;250m \u001b[39m\u001b[38;5;28;01mimport\u001b[39;00m BamFile, FastaFile, Pod5File, Read, figure_to_html\n\u001b[1;32m     32\u001b[0m \u001b[38;5;28;01mfrom\u001b[39;00m\u001b[38;5;250m \u001b[39m\u001b[38;5;21;01m.\u001b[39;00m\u001b[38;5;21;01mconstants\u001b[39;00m\u001b[38;5;250m \u001b[39m\u001b[38;5;28;01mimport\u001b[39;00m (\n\u001b[1;32m     33\u001b[0m     BASE_COLORS,\n\u001b[1;32m     34\u001b[0m     BASE_COLORS_DARK,\n\u001b[0;32m   (...)\u001b[0m\n\u001b[1;32m     37\u001b[0m     Theme,\n\u001b[1;32m     38\u001b[0m )\n\nFile \u001b[0;32m\u001b]8;line=7;file:///Users/jayhesselberth/.positron/extensions/rnabioco.squiggy-positron-0.1.19-alpha/squiggy/alignment.py\u001b\\~/.positron/extensions/rnabioco.squiggy-positron-0.1.19-alpha/squiggy/alignment.py:7\u001b]8;;\u001b\\\u001b[0m\n\u001b[1;32m      4\u001b[0m \u001b[38;5;28;01mfrom\u001b[39;00m\u001b[38;5;250m \u001b[39m\u001b[38;5;21;01mpathlib\u001b[39;00m\u001b[38;5;250m \u001b[39m\u001b[38;5;28;01mimport\u001b[39;00m Path\n\u001b[1;32m      6\u001b[0m \u001b[38;5;28;01mimport\u001b[39;00m\u001b[38;5;250m \u001b[39m\u001b[38;5;21;01mnumpy\u001b[39;00m\u001b[38;5;250m \u001b[39m\u001b[38;5;28;01mas\u001b[39;00m\u001b[38;5;250m \u001b[39m\u001b[38;5;21;01mnp\u001b[39;00m\n\u001b[0;32m----> 7\u001b[0m \u001b[38;5;28;01mimport\u001b[39;00m\u001b[38;5;250m \u001b[39m\u001b[38;5;21;01mpysam\u001b[39;00m\n\u001b[1;32m     10\u001b[0m \u001b[38;5;129m@dataclass\u001b[39m\n\u001b[1;32m     11\u001b[0m \u001b[38;5;28;01mclass\u001b[39;00m\u001b[38;5;250m \u001b[39m\u001b[38;5;21;01mBaseAnnotation\u001b[39;00m:\n\u001b[1;32m     12\u001b[0m \u001b[38;5;250m    \u001b[39m\u001b[38;5;124;03m\"\"\"Single base annotation with signal alignment information\"\"\"\u001b[39;00m\n"}]
[2025-12-03 08:38:10] [DEBUG] [loadReadsForSample] Got 0 reads and 0 references for sample 'Yeast_tRNA'
[2025-12-03 08:38:10] [DEBUG] [ReadsViewPane] updateView called but _view is null, skipping
[2025-12-03 08:38:10] [DEBUG] Dedicated kernel state changed: idle
